[10:57:52] [ServerMain/INFO]: Environment: Environment[accountsHost=https://api.mojang.com, sessionHost=https://sessionserver.mojang.com, servicesHost=https://api.minecraftservices.com, name=PROD]
[10:57:52] [ServerMain/INFO]: Found new data pack file/bukkit, loading it automatically
[10:57:54] [ServerMain/INFO]: Loaded 1174 recipes
[10:57:54] [ServerMain/INFO]: Loaded 1271 advancements
[10:57:55] [Server thread/INFO]: Starting minecraft server version 1.20.2
[10:57:55] [Server thread/INFO]: Loading properties
[10:57:55] [Server thread/INFO]: This server is running Leaves version git-Leaves-"10acfe9" (MC: 1.20.2) (Implementing API version 1.20.2-R0.1-SNAPSHOT) (Git: 10acfe9)
[10:57:57] [Server thread/INFO]: Server Ping Player Sample Count: 12
[10:57:57] [Server thread/INFO]: Using 4 threads for Netty based IO
[10:57:57] [Server thread/INFO]: [ChunkTaskScheduler] Chunk system is using 1 I/O threads, 1 worker threads, and gen parallelism of 1 threads
[10:57:58] [Server thread/INFO]: Default game type: SURVIVAL
[10:57:58] [Server thread/INFO]: Generating keypair
[10:57:58] [Server thread/INFO]: Starting Minecraft server on *:25565
[10:57:58] [Server thread/INFO]: Using epoll channel type
[10:57:58] [Server thread/INFO]: Paper: Using libdeflate (Linux x86_64) compression from Velocity.
[10:57:58] [Server thread/INFO]: Paper: Using OpenSSL 1.1.x (Linux x86_64) cipher from Velocity.
[10:57:58] [Server thread/INFO]: Server permissions file permissions.yml is empty, ignoring it
[10:57:58] [Server thread/INFO]: Preparing level "world"
[10:58:12] [Server thread/INFO]: Preparing start region for dimension minecraft:overworld
[10:58:13] [Server thread/INFO]: Time elapsed: 218 ms
[10:58:13] [Server thread/INFO]: Preparing start region for dimension minecraft:the_nether
[10:58:13] [Server thread/INFO]: Time elapsed: 136 ms
[10:58:13] [Server thread/INFO]: Preparing start region for dimension minecraft:the_end
[10:58:13] [Server thread/INFO]: Time elapsed: 147 ms
[10:58:13] [Server thread/INFO]: Running delayed init tasks
[10:58:13] [Server thread/INFO]: Done (18.300s)! For help, type "help"
[10:58:28] [Server thread/INFO]: Stopping the server
[10:58:28] [Server thread/INFO]: Stopping server
[10:58:28] [Server thread/INFO]: Saving players
[10:58:28] [Server thread/INFO]: Saving worlds
[10:58:28] [Server thread/INFO]: Saving chunks for level 'ServerLevel[world]'/minecraft:overworld
[10:58:28] [Server thread/INFO]: [ChunkHolderManager] Waiting 60s for chunk system to halt for world 'world'
[10:58:28] [Server thread/INFO]: [ChunkHolderManager] Halted chunk system for world 'world'
[10:58:28] [Server thread/INFO]: [ChunkHolderManager] Saving all chunkholders for world 'world'
[10:58:30] [Server thread/INFO]: [ChunkHolderManager] Saved 1578 block chunks, 1 entity chunks, 0 poi chunks in world 'world' in 2.10s
[10:58:30] [Server thread/INFO]: ThreadedAnvilChunkStorage (world): All chunks are saved
[10:58:30] [Server thread/INFO]: Saving chunks for level 'ServerLevel[world_nether]'/minecraft:the_nether
[10:58:30] [Server thread/INFO]: [ChunkHolderManager] Waiting 60s for chunk system to halt for world 'world_nether'
[10:58:30] [Server thread/INFO]: [ChunkHolderManager] Halted chunk system for world 'world_nether'
[10:58:30] [Server thread/INFO]: [ChunkHolderManager] Saving all chunkholders for world 'world_nether'
[10:58:31] [Server thread/INFO]: [ChunkHolderManager] Saved 1681 block chunks, 1 entity chunks, 0 poi chunks in world 'world_nether' in 1.00s
